Flow report for HW8
Sun May 05 00:17:02 2024
Quartus II 64-Bit Version 13.1.0 Build 162 10/23/2013 SJ Web Edition


---------------------
; Table of Contents ;
---------------------
  1. Legal Notice
  2. Flow Summary
  3. Flow Settings
  4. Flow Non-Default Global Settings
  5. Flow Elapsed Time
  6. Flow OS Summary
  7. Flow Log
  8. Flow Messages
  9. Flow Suppressed Messages



----------------
; Legal Notice ;
----------------
Copyright (C) 1991-2013 Altera Corporation
Your use of Altera Corporation's design tools, logic functions 
and other software and tools, and its AMPP partner logic 
functions, and any output files from any of the foregoing 
(including device programming or simulation files), and any 
associated documentation or information are expressly subject 
to the terms and conditions of the Altera Program License 
Subscription Agreement, Altera MegaCore Function License 
Agreement, or other applicable license agreement, including, 
without limitation, that your use is for the sole purpose of 
programming logic devices manufactured by Altera and sold by 
Altera or its authorized distributors.  Please refer to the 
applicable agreement for further details.



+--------------------------------------------------------------------------------+
; Flow Summary                                                                   ;
+-----------------------------------+--------------------------------------------+
; Flow Status                       ; Successful - Sun May 05 00:17:02 2024      ;
; Quartus II 64-Bit Version         ; 13.1.0 Build 162 10/23/2013 SJ Web Edition ;
; Revision Name                     ; HW8                                        ;
; Top-level Entity Name             ; PipelineCPU                                ;
; Family                            ; Arria II GX                                ;
; Logic utilization                 ; 1 %                                        ;
;     Combinational ALUTs           ; 382 / 36,100 ( 1 % )                       ;
;     Memory ALUTs                  ; 0 / 18,050 ( 0 % )                         ;
;     Dedicated logic registers     ; 190 / 36,100 ( < 1 % )                     ;
; Total registers                   ; 190                                        ;
; Total pins                        ; 89 / 176 ( 51 % )                          ;
; Total virtual pins                ; 0                                          ;
; Total block memory bits           ; 6,144 / 2,939,904 ( < 1 % )                ;
; DSP block 18-bit elements         ; 0 / 232 ( 0 % )                            ;
; Total GXB Receiver Channel PCS    ; 0 / 4 ( 0 % )                              ;
; Total GXB Receiver Channel PMA    ; 0 / 4 ( 0 % )                              ;
; Total GXB Transmitter Channel PCS ; 0 / 4 ( 0 % )                              ;
; Total GXB Transmitter Channel PMA ; 0 / 4 ( 0 % )                              ;
; Total PLLs                        ; 0 / 4 ( 0 % )                              ;
; Total DLLs                        ; 0 / 2 ( 0 % )                              ;
; Device                            ; EP2AGX45CU17I3                             ;
; Timing Models                     ; Final                                      ;
+-----------------------------------+--------------------------------------------+


+-----------------------------------------+
; Flow Settings                           ;
+-------------------+---------------------+
; Option            ; Setting             ;
+-------------------+---------------------+
; Start date & time ; 05/05/2024 00:15:36 ;
; Main task         ; Compilation         ;
; Revision Name     ; HW8                 ;
+-------------------+---------------------+


+--------------------------------------------------------------------------------------------------------------------------------------------------------------------------------------------+
; Flow Non-Default Global Settings                                                                                                                                                           ;
+-------------------------------------+-------------------------------------------------------------------------------------------------------+---------------+-------------+----------------+
; Assignment Name                     ; Value                                                                                                 ; Default Value ; Entity Name ; Section Id     ;
+-------------------------------------+-------------------------------------------------------------------------------------------------------+---------------+-------------+----------------+
; COMPILER_SIGNATURE_ID               ; 48751582399533.171485553517236                                                                        ; --            ; --          ; --             ;
; EDA_GENERATE_FUNCTIONAL_NETLIST     ; On                                                                                                    ; --            ; --          ; eda_simulation ;
; EDA_NETLIST_WRITER_OUTPUT_DIR       ; C:/Users/Mazdak/Desktop/Sharif/Tamarin/Computer_Architecture/HW8/Practical/Practical/simulation/qsim/ ; --            ; --          ; eda_simulation ;
; EDA_OUTPUT_DATA_FORMAT              ; Verilog Hdl                                                                                           ; --            ; --          ; eda_simulation ;
; EDA_SIMULATION_TOOL                 ; ModelSim-Altera (Verilog)                                                                             ; <None>        ; --          ; --             ;
; IP_TOOL_NAME                        ; LPM_CONSTANT                                                                                          ; --            ; --          ; --             ;
; IP_TOOL_NAME                        ; LPM_CONSTANT                                                                                          ; --            ; --          ; --             ;
; IP_TOOL_NAME                        ; LPM_CONSTANT                                                                                          ; --            ; --          ; --             ;
; IP_TOOL_NAME                        ; LPM_CONSTANT                                                                                          ; --            ; --          ; --             ;
; IP_TOOL_NAME                        ; LPM_CONSTANT                                                                                          ; --            ; --          ; --             ;
; IP_TOOL_NAME                        ; LPM_CONSTANT                                                                                          ; --            ; --          ; --             ;
; IP_TOOL_NAME                        ; LPM_CONSTANT                                                                                          ; --            ; --          ; --             ;
; IP_TOOL_NAME                        ; LPM_CONSTANT                                                                                          ; --            ; --          ; --             ;
; IP_TOOL_NAME                        ; LPM_CONSTANT                                                                                          ; --            ; --          ; --             ;
; IP_TOOL_NAME                        ; LPM_CONSTANT                                                                                          ; --            ; --          ; --             ;
; IP_TOOL_NAME                        ; LPM_CONSTANT                                                                                          ; --            ; --          ; --             ;
; IP_TOOL_NAME                        ; LPM_CONSTANT                                                                                          ; --            ; --          ; --             ;
; IP_TOOL_NAME                        ; LPM_CONSTANT                                                                                          ; --            ; --          ; --             ;
; IP_TOOL_NAME                        ; LPM_CONSTANT                                                                                          ; --            ; --          ; --             ;
; IP_TOOL_NAME                        ; LPM_CONSTANT                                                                                          ; --            ; --          ; --             ;
; IP_TOOL_VERSION                     ; 13.1                                                                                                  ; --            ; --          ; --             ;
; IP_TOOL_VERSION                     ; 13.1                                                                                                  ; --            ; --          ; --             ;
; IP_TOOL_VERSION                     ; 13.1                                                                                                  ; --            ; --          ; --             ;
; IP_TOOL_VERSION                     ; 13.1                                                                                                  ; --            ; --          ; --             ;
; IP_TOOL_VERSION                     ; 13.1                                                                                                  ; --            ; --          ; --             ;
; IP_TOOL_VERSION                     ; 13.1                                                                                                  ; --            ; --          ; --             ;
; IP_TOOL_VERSION                     ; 13.1                                                                                                  ; --            ; --          ; --             ;
; IP_TOOL_VERSION                     ; 13.1                                                                                                  ; --            ; --          ; --             ;
; IP_TOOL_VERSION                     ; 13.1                                                                                                  ; --            ; --          ; --             ;
; IP_TOOL_VERSION                     ; 13.1                                                                                                  ; --            ; --          ; --             ;
; IP_TOOL_VERSION                     ; 13.1                                                                                                  ; --            ; --          ; --             ;
; IP_TOOL_VERSION                     ; 13.1                                                                                                  ; --            ; --          ; --             ;
; IP_TOOL_VERSION                     ; 13.1                                                                                                  ; --            ; --          ; --             ;
; IP_TOOL_VERSION                     ; 13.1                                                                                                  ; --            ; --          ; --             ;
; IP_TOOL_VERSION                     ; 13.1                                                                                                  ; --            ; --          ; --             ;
; MISC_FILE                           ; lpm_constant9.bsf                                                                                     ; --            ; --          ; --             ;
; MISC_FILE                           ; lpm_constant9_bb.v                                                                                    ; --            ; --          ; --             ;
; MISC_FILE                           ; lpm_constant8.bsf                                                                                     ; --            ; --          ; --             ;
; MISC_FILE                           ; lpm_constant8_bb.v                                                                                    ; --            ; --          ; --             ;
; MISC_FILE                           ; lpm_constant7.bsf                                                                                     ; --            ; --          ; --             ;
; MISC_FILE                           ; lpm_constant7_bb.v                                                                                    ; --            ; --          ; --             ;
; MISC_FILE                           ; lpm_constant6.bsf                                                                                     ; --            ; --          ; --             ;
; MISC_FILE                           ; lpm_constant6_bb.v                                                                                    ; --            ; --          ; --             ;
; MISC_FILE                           ; lpm_constant5.bsf                                                                                     ; --            ; --          ; --             ;
; MISC_FILE                           ; lpm_constant5_bb.v                                                                                    ; --            ; --          ; --             ;
; MISC_FILE                           ; lpm_constant4.bsf                                                                                     ; --            ; --          ; --             ;
; MISC_FILE                           ; lpm_constant4_bb.v                                                                                    ; --            ; --          ; --             ;
; MISC_FILE                           ; lpm_constant3.bsf                                                                                     ; --            ; --          ; --             ;
; MISC_FILE                           ; lpm_constant3_bb.v                                                                                    ; --            ; --          ; --             ;
; MISC_FILE                           ; lpm_constant2.bsf                                                                                     ; --            ; --          ; --             ;
; MISC_FILE                           ; lpm_constant2.cmp                                                                                     ; --            ; --          ; --             ;
; MISC_FILE                           ; lpm_constant14.bsf                                                                                    ; --            ; --          ; --             ;
; MISC_FILE                           ; lpm_constant14_bb.v                                                                                   ; --            ; --          ; --             ;
; MISC_FILE                           ; lpm_constant13.bsf                                                                                    ; --            ; --          ; --             ;
; MISC_FILE                           ; lpm_constant13_bb.v                                                                                   ; --            ; --          ; --             ;
; MISC_FILE                           ; lpm_constant12.bsf                                                                                    ; --            ; --          ; --             ;
; MISC_FILE                           ; lpm_constant12_bb.v                                                                                   ; --            ; --          ; --             ;
; MISC_FILE                           ; lpm_constant11.bsf                                                                                    ; --            ; --          ; --             ;
; MISC_FILE                           ; lpm_constant11_bb.v                                                                                   ; --            ; --          ; --             ;
; MISC_FILE                           ; lpm_constant10.bsf                                                                                    ; --            ; --          ; --             ;
; MISC_FILE                           ; lpm_constant10_bb.v                                                                                   ; --            ; --          ; --             ;
; MISC_FILE                           ; lpm_constant1.bsf                                                                                     ; --            ; --          ; --             ;
; MISC_FILE                           ; lpm_constant1.cmp                                                                                     ; --            ; --          ; --             ;
; MISC_FILE                           ; lpm_constant0.bsf                                                                                     ; --            ; --          ; --             ;
; MISC_FILE                           ; lpm_constant0.cmp                                                                                     ; --            ; --          ; --             ;
; PARTITION_COLOR                     ; 16764057                                                                                              ; --            ; PipelineCPU ; Top            ;
; PARTITION_FITTER_PRESERVATION_LEVEL ; PLACEMENT_AND_ROUTING                                                                                 ; --            ; PipelineCPU ; Top            ;
; PARTITION_NETLIST_TYPE              ; SOURCE                                                                                                ; --            ; PipelineCPU ; Top            ;
; PROJECT_OUTPUT_DIRECTORY            ; output_files                                                                                          ; --            ; --          ; --             ;
; TOP_LEVEL_ENTITY                    ; PipelineCPU                                                                                           ; HW8           ; --          ; --             ;
+-------------------------------------+-------------------------------------------------------------------------------------------------------+---------------+-------------+----------------+


+-------------------------------------------------------------------------------------------------------------------------------+
; Flow Elapsed Time                                                                                                             ;
+---------------------------+--------------+-------------------------+---------------------+------------------------------------+
; Module Name               ; Elapsed Time ; Average Processors Used ; Peak Virtual Memory ; Total CPU Time (on all processors) ;
+---------------------------+--------------+-------------------------+---------------------+------------------------------------+
; Analysis & Synthesis      ; 00:00:22     ; 1.0                     ; 4778 MB             ; 00:00:20                           ;
; Fitter                    ; 00:00:36     ; 1.0                     ; 5272 MB             ; 00:00:34                           ;
; Assembler                 ; 00:00:06     ; 1.0                     ; 4684 MB             ; 00:00:06                           ;
; TimeQuest Timing Analyzer ; 00:00:09     ; 1.0                     ; 4761 MB             ; 00:00:08                           ;
; EDA Netlist Writer        ; 00:00:01     ; 1.0                     ; 4609 MB             ; 00:00:01                           ;
; Total                     ; 00:01:14     ; --                      ; --                  ; 00:01:09                           ;
+---------------------------+--------------+-------------------------+---------------------+------------------------------------+


+----------------------------------------------------------------------------------------+
; Flow OS Summary                                                                        ;
+---------------------------+------------------+-----------+------------+----------------+
; Module Name               ; Machine Hostname ; OS Name   ; OS Version ; Processor type ;
+---------------------------+------------------+-----------+------------+----------------+
; Analysis & Synthesis      ; DESKTOP-HE6Q1QJ  ; Windows 7 ; 6.2        ; x86_64         ;
; Fitter                    ; DESKTOP-HE6Q1QJ  ; Windows 7 ; 6.2        ; x86_64         ;
; Assembler                 ; DESKTOP-HE6Q1QJ  ; Windows 7 ; 6.2        ; x86_64         ;
; TimeQuest Timing Analyzer ; DESKTOP-HE6Q1QJ  ; Windows 7 ; 6.2        ; x86_64         ;
; EDA Netlist Writer        ; DESKTOP-HE6Q1QJ  ; Windows 7 ; 6.2        ; x86_64         ;
+---------------------------+------------------+-----------+------------+----------------+


------------
; Flow Log ;
------------
quartus_map --read_settings_files=on --write_settings_files=off HW8 -c HW8
quartus_fit --read_settings_files=off --write_settings_files=off HW8 -c HW8
quartus_asm --read_settings_files=off --write_settings_files=off HW8 -c HW8
quartus_sta HW8 -c HW8
quartus_eda --read_settings_files=off --write_settings_files=off HW8 -c HW8



